This is pdfTeX, Version 3.14159265-2.6-1.40.17 (MiKTeX 2.9.6100 64-bit) (preloaded format=pdflatex 2017.1.6)  29 NOV 2017 23:30
entering extended mode
**"./FINAL report.tex"
("FINAL report.tex"
LaTeX2e <2016/03/31> patch level 3
Babel <3.9r> and hyphenation patterns for 75 language(s) loaded.
("C:\Program Files\MiKTeX 2.9\tex\latex\base\article.cls"
Document Class: article 2014/09/29 v1.4h Standard LaTeX document class
("C:\Program Files\MiKTeX 2.9\tex\latex\base\size11.clo"
File: size11.clo 2014/09/29 v1.4h Standard LaTeX file (size option)
)
\c@part=\count79
\c@section=\count80
\c@subsection=\count81
\c@subsubsection=\count82
\c@paragraph=\count83
\c@subparagraph=\count84
\c@figure=\count85
\c@table=\count86
\abovecaptionskip=\skip41
\belowcaptionskip=\skip42
\bibindent=\dimen102
)
("C:\Program Files\MiKTeX 2.9\tex\latex\ltxmisc\parskip.sty"
Package: parskip 2001/04/09 non-zero parskip adjustments
)
("C:\Program Files\MiKTeX 2.9\tex\latex\geometry\geometry.sty"
Package: geometry 2010/09/12 v5.6 Page Geometry

("C:\Program Files\MiKTeX 2.9\tex\latex\graphics\keyval.sty"
Package: keyval 2014/10/28 v1.15 key=value parser (DPC)
\KV@toks@=\toks14
)
("C:\Program Files\MiKTeX 2.9\tex\generic\oberdiek\ifpdf.sty"
Package: ifpdf 2016/05/14 v3.1 Provides the ifpdf switch
)
("C:\Program Files\MiKTeX 2.9\tex\generic\oberdiek\ifvtex.sty"
Package: ifvtex 2016/05/16 v1.6 Detect VTeX and its facilities (HO)
Package ifvtex Info: VTeX not detected.
)
("C:\Program Files\MiKTeX 2.9\tex\generic\ifxetex\ifxetex.sty"
Package: ifxetex 2010/09/12 v0.6 Provides ifxetex conditional
)
\Gm@cnth=\count87
\Gm@cntv=\count88
\c@Gm@tempcnt=\count89
\Gm@bindingoffset=\dimen103
\Gm@wd@mp=\dimen104
\Gm@odd@mp=\dimen105
\Gm@even@mp=\dimen106
\Gm@layoutwidth=\dimen107
\Gm@layoutheight=\dimen108
\Gm@layouthoffset=\dimen109
\Gm@layoutvoffset=\dimen110
\Gm@dimlist=\toks15

("C:\Program Files\MiKTeX 2.9\tex\latex\geometry\geometry.cfg"))
("C:\Program Files\MiKTeX 2.9\tex\latex\amsmath\amsmath.sty"
Package: amsmath 2016/06/28 v2.15d AMS math features
\@mathmargin=\skip43

For additional information on amsmath, use the `?' option.
("C:\Program Files\MiKTeX 2.9\tex\latex\amsmath\amstext.sty"
Package: amstext 2000/06/29 v2.01 AMS text

("C:\Program Files\MiKTeX 2.9\tex\latex\amsmath\amsgen.sty"
File: amsgen.sty 1999/11/30 v2.0 generic functions
\@emptytoks=\toks16
\ex@=\dimen111
))
("C:\Program Files\MiKTeX 2.9\tex\latex\amsmath\amsbsy.sty"
Package: amsbsy 1999/11/29 v1.2d Bold Symbols
\pmbraise@=\dimen112
)
("C:\Program Files\MiKTeX 2.9\tex\latex\amsmath\amsopn.sty"
Package: amsopn 2016/03/08 v2.02 operator names
)
\inf@bad=\count90
LaTeX Info: Redefining \frac on input line 199.
\uproot@=\count91
\leftroot@=\count92
LaTeX Info: Redefining \overline on input line 297.
\classnum@=\count93
\DOTSCASE@=\count94
LaTeX Info: Redefining \ldots on input line 394.
LaTeX Info: Redefining \dots on input line 397.
LaTeX Info: Redefining \cdots on input line 518.
\Mathstrutbox@=\box26
\strutbox@=\box27
\big@size=\dimen113
LaTeX Font Info:    Redeclaring font encoding OML on input line 634.
LaTeX Font Info:    Redeclaring font encoding OMS on input line 635.
\macc@depth=\count95
\c@MaxMatrixCols=\count96
\dotsspace@=\muskip10
\c@parentequation=\count97
\dspbrk@lvl=\count98
\tag@help=\toks17
\row@=\count99
\column@=\count100
\maxfields@=\count101
\andhelp@=\toks18
\eqnshift@=\dimen114
\alignsep@=\dimen115
\tagshift@=\dimen116
\tagwidth@=\dimen117
\totwidth@=\dimen118
\lineht@=\dimen119
\@envbody=\toks19
\multlinegap=\skip44
\multlinetaggap=\skip45
\mathdisplay@stack=\toks20
LaTeX Info: Redefining \[ on input line 2739.
LaTeX Info: Redefining \] on input line 2740.
)
("C:\Program Files\MiKTeX 2.9\tex\latex\amsfonts\amssymb.sty"
Package: amssymb 2013/01/14 v3.01 AMS font symbols

("C:\Program Files\MiKTeX 2.9\tex\latex\amsfonts\amsfonts.sty"
Package: amsfonts 2013/01/14 v3.01 Basic AMSFonts support
\symAMSa=\mathgroup4
\symAMSb=\mathgroup5
LaTeX Font Info:    Overwriting math alphabet `\mathfrak' in version `bold'
(Font)                  U/euf/m/n --> U/euf/b/n on input line 106.
))
("C:\Program Files\MiKTeX 2.9\tex\latex\enumitem\enumitem.sty"
Package: enumitem 2011/09/28 v3.5.2 Customized lists
\labelindent=\skip46
\enit@outerparindent=\dimen120
\enit@toks=\toks21
\enit@inbox=\box28
\enitdp@description=\count102
)
(C:\Users\Gemma.Dawson\AppData\Roaming\MiKTeX\2.9\tex\latex\fancyhdr\fancyhdr.s
ty
Package: fancyhdr 2016/09/06 3.8 Extensive control of page headers and footers
\fancy@headwidth=\skip47
\f@ncyO@elh=\skip48
\f@ncyO@erh=\skip49
\f@ncyO@olh=\skip50
\f@ncyO@orh=\skip51
\f@ncyO@elf=\skip52
\f@ncyO@erf=\skip53
\f@ncyO@olf=\skip54
\f@ncyO@orf=\skip55
) ("C:\Program Files\MiKTeX 2.9\tex\latex\was\gensymb.sty"
Package: gensymb 2003/07/02 v1.0 (WaS)
)
("C:\Program Files\MiKTeX 2.9\tex\latex\graphics\graphicx.sty"
Package: graphicx 2014/10/28 v1.0g Enhanced LaTeX Graphics (DPC,SPQR)

("C:\Program Files\MiKTeX 2.9\tex\latex\graphics\graphics.sty"
Package: graphics 2016/07/10 v1.0t Standard LaTeX Graphics (DPC,SPQR)

("C:\Program Files\MiKTeX 2.9\tex\latex\graphics\trig.sty"
Package: trig 2016/01/03 v1.10 sin cos tan (DPC)
)
("C:\Program Files\MiKTeX 2.9\tex\latex\graphics-cfg\graphics.cfg"
File: graphics.cfg 2016/06/04 v1.11 sample graphics configuration
)
Package graphics Info: Driver file: pdftex.def on input line 99.

("C:\Program Files\MiKTeX 2.9\tex\latex\graphics-def\pdftex.def"
File: pdftex.def 2016/07/10 v0.06j Graphics/color for pdfTeX

("C:\Program Files\MiKTeX 2.9\tex\generic\oberdiek\infwarerr.sty"
Package: infwarerr 2016/05/16 v1.4 Providing info/warning/error messages (HO)
)
("C:\Program Files\MiKTeX 2.9\tex\generic\oberdiek\ltxcmds.sty"
Package: ltxcmds 2016/05/16 v1.23 LaTeX kernel commands for general use (HO)
)
\Gread@gobject=\count103
))
\Gin@req@height=\dimen121
\Gin@req@width=\dimen122
)
("C:\Program Files\MiKTeX 2.9\tex\latex\subfigure\subfigure.sty"
Package: subfigure 2002/07/30 v2.1.4 subfigure package
\subfigtopskip=\skip56
\subfigcapskip=\skip57
\subfigcaptopadj=\dimen123
\subfigbottomskip=\skip58
\subfigcapmargin=\dimen124
\subfiglabelskip=\skip59
\c@subfigure=\count104
\c@lofdepth=\count105
\c@subtable=\count106
\c@lotdepth=\count107

****************************************
* Local config file subfigure.cfg used *
****************************************
("C:\Program Files\MiKTeX 2.9\tex\latex\subfigure\subfigure.cfg")
\subfig@top=\skip60
\subfig@bottom=\skip61
)
(C:\Users\Gemma.Dawson\AppData\Roaming\MiKTeX\2.9\tex\latex\url\url.sty
\Urlmuskip=\muskip11
Package: url 2013/09/16  ver 3.4  Verb mode for urls, etc.
)
("C:\Program Files\MiKTeX 2.9\tex\latex\tocbibind\tocbibind.sty"
Package: tocbibind 2010/10/13 v1.5k extra ToC listings
Package tocbibind Info: The document has section divisions on input line 50.


Package tocbibind Note: Using section or other style headings.

) ("C:\Program Files\MiKTeX 2.9\tex\latex\appendix\appendix.sty"
Package: appendix 2009/09/02 v1.2b extra appendix facilities
\c@@pps=\count108
\c@@ppsavesec=\count109
\c@@ppsaveapp=\count110
)
("C:\Program Files\MiKTeX 2.9\tex\latex\listings\listings.sty"
\lst@mode=\count111
\lst@gtempboxa=\box29
\lst@token=\toks22
\lst@length=\count112
\lst@currlwidth=\dimen125
\lst@column=\count113
\lst@pos=\count114
\lst@lostspace=\dimen126
\lst@width=\dimen127
\lst@newlines=\count115
\lst@lineno=\count116
\lst@maxwidth=\dimen128

("C:\Program Files\MiKTeX 2.9\tex\latex\listings\lstmisc.sty"
File: lstmisc.sty 2015/06/04 1.6 (Carsten Heinz)
\c@lstnumber=\count117
\lst@skipnumbers=\count118
\lst@framebox=\box30
)
("C:\Program Files\MiKTeX 2.9\tex\latex\listings\listings.cfg"
File: listings.cfg 2015/06/04 1.6 listings configuration
))
Package: listings 2015/06/04 1.6 (Carsten Heinz)

("C:\Program Files\MiKTeX 2.9\tex\latex\multirow\multirow.sty"
Package: multirow 2016/10/11 v2.1 Span multiple rows of a table
\multirow@colwidth=\skip62
\multirow@cnta=\count119
\multirow@cntb=\count120
\multirow@dima=\skip63
\bigstrutjot=\dimen129
)
("C:\Program Files\MiKTeX 2.9\tex\latex\tools\array.sty"
Package: array 2014/10/28 v2.4c Tabular extension package (FMi)
\col@sep=\dimen130
\extrarowheight=\dimen131
\NC@list=\toks23
\extratabsurround=\skip64
\backup@length=\skip65
)
("C:\Program Files\MiKTeX 2.9\tex\latex\imakeidx\imakeidx.sty"
Package: imakeidx 2016/10/15 v1.3e Package for typesetting indices in a synchro
nous mode

("C:\Program Files\MiKTeX 2.9\tex\latex\xkeyval\xkeyval.sty"
Package: xkeyval 2014/12/03 v2.7a package option processing (HA)

("C:\Program Files\MiKTeX 2.9\tex\generic\xkeyval\xkeyval.tex"
("C:\Program Files\MiKTeX 2.9\tex\generic\xkeyval\xkvutils.tex"
\XKV@toks=\toks24
\XKV@tempa@toks=\toks25
)
\XKV@depth=\count121
File: xkeyval.tex 2014/12/03 v2.7a key=value parser (HA)
))
("C:\Program Files\MiKTeX 2.9\tex\generic\oberdiek\ifluatex.sty"
Package: ifluatex 2016/05/16 v1.4 Provides the ifluatex switch (HO)
Package ifluatex Info: LuaTeX not detected.
)
("C:\Program Files\MiKTeX 2.9\tex\latex\tools\multicol.sty"
Package: multicol 2016/04/07 v1.8p multicolumn formatting (FMi)
\c@tracingmulticols=\count122
\mult@box=\box31
\multicol@leftmargin=\dimen132
\c@unbalance=\count123
\c@collectmore=\count124
\doublecol@number=\count125
\multicoltolerance=\count126
\multicolpretolerance=\count127
\full@width=\dimen133
\page@free=\dimen134
\premulticols=\dimen135
\postmulticols=\dimen136
\multicolsep=\skip66
\multicolbaselineskip=\skip67
\partial@page=\box32
\last@line=\box33
\maxbalancingoverflow=\dimen137
\mult@rightbox=\box34
\mult@grightbox=\box35
\mult@gfirstbox=\box36
\mult@firstbox=\box37
\@tempa=\box38
\@tempa=\box39
\@tempa=\box40
\@tempa=\box41
\@tempa=\box42
\@tempa=\box43
\@tempa=\box44
\@tempa=\box45
\@tempa=\box46
\@tempa=\box47
\@tempa=\box48
\@tempa=\box49
\@tempa=\box50
\@tempa=\box51
\@tempa=\box52
\@tempa=\box53
\@tempa=\box54
\c@columnbadness=\count128
\c@finalcolumnbadness=\count129
\last@try=\dimen138
\multicolovershoot=\dimen139
\multicolundershoot=\dimen140
\mult@nat@firstbox=\box55
\colbreak@box=\box56
\mc@col@check@num=\count130
))
("C:\Program Files\MiKTeX 2.9\tex\latex\algorithms\algorithm.sty"
Package: algorithm 2009/08/24 v0.1 Document Style `algorithm' - floating enviro
nment

("C:\Program Files\MiKTeX 2.9\tex\latex\float\float.sty"
Package: float 2001/11/08 v1.3d Float enhancements (AL)
\c@float@type=\count131
\float@exts=\toks26
\float@box=\box57
\@float@everytoks=\toks27
\@floatcapt=\box58
)
("C:\Program Files\MiKTeX 2.9\tex\latex\base\ifthen.sty"
Package: ifthen 2014/09/29 v1.1c Standard LaTeX ifthen package (DPC)
)
\@float@every@algorithm=\toks28
\c@algorithm=\count132
)
("C:\Program Files\MiKTeX 2.9\tex\latex\algorithmicx\algpseudocode.sty"
Package: algpseudocode 

("C:\Program Files\MiKTeX 2.9\tex\latex\algorithmicx\algorithmicx.sty"
Package: algorithmicx 2005/04/27 v1.2 Algorithmicx

Document Style algorithmicx 1.2 - a greatly improved `algorithmic' style
\c@ALG@line=\count133
\c@ALG@rem=\count134
\c@ALG@nested=\count135
\ALG@tlm=\skip68
\ALG@thistlm=\skip69
\c@ALG@Lnr=\count136
\c@ALG@blocknr=\count137
\c@ALG@storecount=\count138
\c@ALG@tmpcounter=\count139
\ALG@tmplength=\skip70
)
Document Style - pseudocode environments for use with the `algorithmicx' style
) (C:\Users\Gemma.Dawson\AppData\Roaming\MiKTeX\2.9\tex\latex\xcolor\xcolor.sty
Package: xcolor 2016/05/11 v2.12 LaTeX color extensions (UK)
("C:\Program Files\MiKTeX 2.9\tex\latex\graphics-cfg\color.cfg"
File: color.cfg 2016/01/02 v1.6 sample color configuration
)
Package xcolor Info: Driver file: pdftex.def on input line 225.

("C:\Program Files\MiKTeX 2.9\tex\latex\colortbl\colortbl.sty"
Package: colortbl 2012/02/13 v1.0a Color table columns (DPC)
\everycr=\toks29
\minrowclearance=\skip71
)
\rownum=\count140
Package xcolor Info: Model `cmy' substituted by `cmy0' on input line 1348.
Package xcolor Info: Model `hsb' substituted by `rgb' on input line 1352.
Package xcolor Info: Model `RGB' extended on input line 1364.
Package xcolor Info: Model `HTML' substituted by `rgb' on input line 1366.
Package xcolor Info: Model `Hsb' substituted by `hsb' on input line 1367.
Package xcolor Info: Model `tHsb' substituted by `hsb' on input line 1368.
Package xcolor Info: Model `HSB' substituted by `hsb' on input line 1369.
Package xcolor Info: Model `Gray' substituted by `gray' on input line 1370.
Package xcolor Info: Model `wave' substituted by `hsb' on input line 1371.
)
("C:\Program Files\MiKTeX 2.9\tex\latex\graphics\lscape.sty"
Package: lscape 2000/10/22 v3.01 Landscape Pages (DPC)
)
("C:\Program Files\MiKTeX 2.9\tex\latex\tools\longtable.sty"
Package: longtable 2014/10/28 v4.11 Multi-page Table package (DPC)
\LTleft=\skip72
\LTright=\skip73
\LTpre=\skip74
\LTpost=\skip75
\LTchunksize=\count141
\LTcapwidth=\dimen141
\LT@head=\box59
\LT@firsthead=\box60
\LT@foot=\box61
\LT@lastfoot=\box62
\LT@cols=\count142
\LT@rows=\count143
\c@LT@tables=\count144
\c@LT@chunks=\count145
\LT@p@ftn=\toks30
)
("C:\Program Files\MiKTeX 2.9\tex\latex\caption\caption.sty"
Package: caption 2016/02/21 v3.3-144 Customizing captions (AR)

("C:\Program Files\MiKTeX 2.9\tex\latex\caption\caption3.sty"
Package: caption3 2016/05/22 v1.7-166 caption3 kernel (AR)
Package caption3 Info: TeX engine: e-TeX on input line 67.
\captionmargin=\dimen142
\captionmargin@=\dimen143
\captionwidth=\dimen144
\caption@tempdima=\dimen145
\caption@indent=\dimen146
\caption@parindent=\dimen147
\caption@hangindent=\dimen148
)
\c@ContinuedFloat=\count146
Package caption Info: float package is loaded.
Package caption Info: listings package is loaded.
Package caption Info: longtable package is loaded.

("C:\Program Files\MiKTeX 2.9\tex\latex\caption\ltcaption.sty"
Package: ltcaption 2013/06/09 v1.4-94 longtable captions (AR)
)
Package caption Info: subfigure package is loaded.
)
("C:\Program Files\MiKTeX 2.9\tex\latex\listings\lstlang1.sty"
File: lstlang1.sty 2015/06/04 1.6 listings language file
)
("C:\Program Files\MiKTeX 2.9\tex\latex\listings\lstlang2.sty"
File: lstlang2.sty 2015/06/04 1.6 listings language file
)
("C:\Program Files\MiKTeX 2.9\tex\latex\listings\lstlang3.sty"
File: lstlang3.sty 2015/06/04 1.6 listings language file
)
\terms@idxfile=\write3
\openout3 = `terms.idx'.


Writing index file terms.idx
\authors@idxfile=\write4
\openout4 = `authors.idx'.

Writing index file authors.idx
("FINAL report.aux"

LaTeX Warning: Label `greedy.results' multiply defined.


LaTeX Warning: Label `fast.results' multiply defined.


LaTeX Warning: Label `TB.greedy' multiply defined.


LaTeX Warning: Label `TB.random' multiply defined.


LaTeX Warning: Label `Fint.greedy' multiply defined.


LaTeX Warning: Label `Fint.random' multiply defined.


LaTeX Warning: Label `Alt.greedy' multiply defined.


LaTeX Warning: Label `Alt.random' multiply defined.

)
\openout1 = `"FINAL report.aux"'.

LaTeX Font Info:    Checking defaults for OML/cmm/m/it on input line 42.
LaTeX Font Info:    ... okay on input line 42.
LaTeX Font Info:    Checking defaults for T1/cmr/m/n on input line 42.
LaTeX Font Info:    ... okay on input line 42.
LaTeX Font Info:    Checking defaults for OT1/cmr/m/n on input line 42.
LaTeX Font Info:    ... okay on input line 42.
LaTeX Font Info:    Checking defaults for OMS/cmsy/m/n on input line 42.
LaTeX Font Info:    ... okay on input line 42.
LaTeX Font Info:    Checking defaults for OMX/cmex/m/n on input line 42.
LaTeX Font Info:    ... okay on input line 42.
LaTeX Font Info:    Checking defaults for U/cmr/m/n on input line 42.
LaTeX Font Info:    ... okay on input line 42.

*geometry* driver: auto-detecting
*geometry* detected driver: pdftex
*geometry* verbose mode - [ preamble ] result:
* driver: pdftex
* paper: a4paper
* layout: <same size as paper>
* layoutoffset:(h,v)=(0.0pt,0.0pt)
* modes: 
* h-part:(L,W,R)=(99.58464pt, 398.3386pt, 99.58464pt)
* v-part:(T,H,B)=(99.58464pt, 645.87756pt, 99.58464pt)
* \paperwidth=597.50787pt
* \paperheight=845.04684pt
* \textwidth=398.3386pt
* \textheight=645.87756pt
* \oddsidemargin=27.31465pt
* \evensidemargin=27.31465pt
* \topmargin=-53.59085pt
* \headheight=56.9055pt
* \headsep=24.0pt
* \topskip=11.0pt
* \footskip=30.0pt
* \marginparwidth=59.0pt
* \marginparsep=10.0pt
* \columnsep=10.0pt
* \skip\footins=10.0pt plus 4.0pt minus 2.0pt
* \hoffset=0.0pt
* \voffset=0.0pt
* \mag=1000
* \@twocolumnfalse
* \@twosidefalse
* \@mparswitchfalse
* \@reversemarginfalse
* (1in=72.27pt=25.4mm, 1cm=28.453pt)

LaTeX Info: Redefining \celsius on input line 42.
Package gensymb Info: Faking symbols for \degree and \celsius on input line 42.


Package gensymb Warning: Not defining \perthousand.

LaTeX Info: Redefining \ohm on input line 42.
Package gensymb Info: Using \Omega for \ohm on input line 42.

Package gensymb Warning: Not defining \micro.


(C:\Users\Gemma.Dawson\AppData\Roaming\MiKTeX\2.9\tex\context\base\supp-pdf.mki
i
[Loading MPS to PDF converter (version 2006.09.02).]
\scratchcounter=\count147
\scratchdimen=\dimen149
\scratchbox=\box63
\nofMPsegments=\count148
\nofMParguments=\count149
\everyMPshowfont=\toks31
\MPscratchCnt=\count150
\MPscratchDim=\dimen150
\MPnumerator=\count151
\makeMPintoPDFobject=\count152
\everyMPtoPDFconversion=\toks32
) ("C:\Program Files\MiKTeX 2.9\tex\generic\oberdiek\pdftexcmds.sty"
Package: pdftexcmds 2016/05/21 v0.22 Utility functions of pdfTeX for LuaTeX (HO
)
Package pdftexcmds Info: LuaTeX not detected.
Package pdftexcmds Info: \pdf@primitive is available.
Package pdftexcmds Info: \pdf@ifprimitive is available.
Package pdftexcmds Info: \pdfdraftmode found.
)
("C:\Program Files\MiKTeX 2.9\tex\latex\oberdiek\epstopdf-base.sty"
Package: epstopdf-base 2016/05/15 v2.6 Base part for package epstopdf

("C:\Program Files\MiKTeX 2.9\tex\latex\oberdiek\grfext.sty"
Package: grfext 2016/05/16 v1.2 Manage graphics extensions (HO)

("C:\Program Files\MiKTeX 2.9\tex\generic\oberdiek\kvdefinekeys.sty"
Package: kvdefinekeys 2016/05/16 v1.4 Define keys (HO)
))
("C:\Program Files\MiKTeX 2.9\tex\latex\oberdiek\kvoptions.sty"
Package: kvoptions 2016/05/16 v3.12 Key value format for package options (HO)

("C:\Program Files\MiKTeX 2.9\tex\generic\oberdiek\kvsetkeys.sty"
Package: kvsetkeys 2016/05/16 v1.17 Key value parser (HO)

("C:\Program Files\MiKTeX 2.9\tex\generic\oberdiek\etexcmds.sty"
Package: etexcmds 2016/05/16 v1.6 Avoid name clashes with e-TeX commands (HO)
Package etexcmds Info: Could not find \expanded.
(etexcmds)             That can mean that you are not using pdfTeX 1.50 or
(etexcmds)             that some package has redefined \expanded.
(etexcmds)             In the latter case, load this package earlier.
)))
Package epstopdf-base Info: Redefining graphics rule for `.eps' on input line 4
38.
Package grfext Info: Graphics extension search list:
(grfext)             [.png,.pdf,.jpg,.mps,.jpeg,.jbig2,.jb2,.PNG,.PDF,.JPG,.JPE
G,.JBIG2,.JB2,.eps]
(grfext)             \AppendGraphicsExtensions on input line 456.
)
\c@lstlisting=\count153
Package caption Info: Begin \AtBeginDocument code.
Package caption Info: End \AtBeginDocument code.

<unisa.png, id=1, 537.57487pt x 118.90729pt>
File: unisa.png Graphic file (type png)
 <use unisa.png>
Package pdftex.def Info: unisa.png used on input line 62.
(pdftex.def)             Requested size: 341.43306pt x 75.52342pt.
LaTeX Font Info:    Try loading font information for U+msa on input line 62.

("C:\Program Files\MiKTeX 2.9\tex\latex\amsfonts\umsa.fd"
File: umsa.fd 2013/01/14 v3.01 AMS symbols A
)
LaTeX Font Info:    Try loading font information for U+msb on input line 62.

("C:\Program Files\MiKTeX 2.9\tex\latex\amsfonts\umsb.fd"
File: umsb.fd 2013/01/14 v3.01 AMS symbols B
) [1

{C:/Users/Gemma.Dawson/AppData/Local/MiKTeX/2.9/pdftex/config/pdftex.map} <./un
isa.png>]
<signature.png, id=12, 83.5622pt x 49.68562pt>
File: signature.png Graphic file (type png)
 <use signature.png>
Package pdftex.def Info: signature.png used on input line 71.
(pdftex.def)             Requested size: 85.35826pt x 50.7575pt.

Underfull \hbox (badness 10000) in paragraph at lines 74--76

 []

[2 <./signature.png>] ("FINAL report.toc" [3])
\tf@toc=\write5
\openout5 = `"FINAL report.toc"'.

 [4]

Package imakeidx Warning: Undefined index file `"FINAL report"' on input line 1
11.

[1]

Package imakeidx Warning: Undefined index file `"FINAL report"' on input line 1
17.


Package imakeidx Warning: Undefined index file `"FINAL report"' on input line 1
17.


Package imakeidx Warning: Undefined index file `"FINAL report"' on input line 1
17.

[2]
Overfull \hbox (0.83981pt too wide) in paragraph at lines 167--167
[] 
 []

[3] [4]

Package imakeidx Warning: Undefined index file `author' on input line 175.

[5] <percentmedvstime_greedy.png, id=48, 1028.34187pt x 530.73282pt>
File: percentmedvstime_greedy.png Graphic file (type png)

<use percentmedvstime_greedy.png>
Package pdftex.def Info: percentmedvstime_greedy.png used on input line 259.
(pdftex.def)             Requested size: 398.33858pt x 205.58395pt.
 [6]
<medvsaccuracy_greedy.png, id=52, 1028.34187pt x 530.73282pt>
File: medvsaccuracy_greedy.png Graphic file (type png)

<use medvsaccuracy_greedy.png>
Package pdftex.def Info: medvsaccuracy_greedy.png used on input line 269.
(pdftex.def)             Requested size: 398.33858pt x 205.58395pt.


LaTeX Warning: No positions in optional float specifier.
               Default added (so using `tbp') on input line 277.

[7 <./percentmedvstime_greedy.png> <./medvsaccuracy_greedy.png>] [8] [9]
[10] <percentmedvstime_fast.png, id=66, 1028.34187pt x 530.73282pt>
File: percentmedvstime_fast.png Graphic file (type png)

<use percentmedvstime_fast.png>
Package pdftex.def Info: percentmedvstime_fast.png used on input line 447.
(pdftex.def)             Requested size: 398.33858pt x 205.58395pt.


LaTeX Warning: No positions in optional float specifier.
               Default added (so using `tbp') on input line 455.

[11 <./percentmedvstime_fast.png>] [12]

Package imakeidx Warning: Undefined index file `author' on input line 530.


Package imakeidx Warning: Undefined index file `author' on input line 530.


Package imakeidx Warning: Undefined index file `author' on input line 530.

[13] <percentmedvstime_stingy.png, id=77, 1028.34187pt x 530.73282pt>
File: percentmedvstime_stingy.png Graphic file (type png)

<use percentmedvstime_stingy.png>
Package pdftex.def Info: percentmedvstime_stingy.png used on input line 600.
(pdftex.def)             Requested size: 398.33858pt x 205.58395pt.


LaTeX Warning: No positions in optional float specifier.
               Default added (so using `tbp') on input line 611.

[14 <./percentmedvstime_stingy.png>]
<CHavacc.png, id=81, 538.6524pt x 278.4804pt>
File: CHavacc.png Graphic file (type png)
 <use CHavacc.png>
Package pdftex.def Info: CHavacc.png used on input line 660.
(pdftex.def)             Requested size: 398.33858pt x 205.94478pt.
 [15]
<CHavtime1.png, id=86, 538.1706pt x 277.9986pt>
File: CHavtime1.png Graphic file (type png)
 <use CHavtime1.png>
Package pdftex.def Info: CHavtime1.png used on input line 670.
(pdftex.def)             Requested size: 398.33858pt x 205.77087pt.

<CHavtime2.png, id=87, 1028.34187pt x 530.73282pt>
File: CHavtime2.png Graphic file (type png)
 <use CHavtime2.png>
Package pdftex.def Info: CHavtime2.png used on input line 680.
(pdftex.def)             Requested size: 398.33858pt x 205.58395pt.
 [16 <./CHavacc.png> <./CHavtime1.png>]
<CHtimevacc1.png, id=93, 538.1706pt x 277.9986pt>
File: CHtimevacc1.png Graphic file (type png)
 <use CHtimevacc1.png>
Package pdftex.def Info: CHtimevacc1.png used on input line 690.
(pdftex.def)             Requested size: 398.33858pt x 205.77087pt.

<CHtimevacc2.png, id=94, 1028.34187pt x 530.73282pt>
File: CHtimevacc2.png Graphic file (type png)
 <use CHtimevacc2.png>
Package pdftex.def Info: CHtimevacc2.png used on input line 700.
(pdftex.def)             Requested size: 398.33858pt x 205.58395pt.

[17 <./CHavtime2.png> <./CHtimevacc1.png>]

Package imakeidx Warning: Undefined index file `author' on input line 708.


Overfull \hbox (4.45966pt too wide) in paragraph at lines 718--719
\OT1/cmr/m/n/10.95 amended al-go-rithm was pre-sented by Whitaker [[]][] fif-te
en years later. It is Whitaker's
 []

[18 <./CHtimevacc2.png>] [19] <TBtime.png, id=105, 1025.33063pt x 530.73282pt>
File: TBtime.png Graphic file (type png)

<use TBtime.png>
Package pdftex.def Info: TBtime.png used on input line 816.
(pdftex.def)             Requested size: 398.33858pt x 206.19133pt.
 [20] <TBgap.png, id=109, 1025.33063pt x 530.73282pt>
File: TBgap.png Graphic file (type png)

<use TBgap.png>
Package pdftex.def Info: TBgap.png used on input line 826.
(pdftex.def)             Requested size: 398.33858pt x 206.19133pt.
 [21 <./TBtime.png> <./TBgap.png>]
<TBiterations.png, id=114, 1025.33063pt x 530.73282pt>
File: TBiterations.png Graphic file (type png)
 <use TBiterations.png>
Package pdftex.def Info: TBiterations.png used on input line 839.
(pdftex.def)             Requested size: 398.33858pt x 206.19133pt.


LaTeX Warning: No positions in optional float specifier.
               Default added (so using `tbp') on input line 846.


LaTeX Warning: No positions in optional float specifier.
               Default added (so using `tbp') on input line 919.

[22 <./TBiterations.png>] [23] [24]

Package imakeidx Warning: Undefined index file `author' on input line 995.

[25] [26] <FintTime.png, id=131, 1025.33063pt x 530.73282pt>
File: FintTime.png Graphic file (type png)

<use FintTime.png>
Package pdftex.def Info: FintTime.png used on input line 1117.
(pdftex.def)             Requested size: 398.33858pt x 206.19133pt.
 <Fintgap.png, id=132, 1025.33063pt x 530.73282pt>
File: Fintgap.png Graphic file (type png)

<use Fintgap.png>
Package pdftex.def Info: Fintgap.png used on input line 1130.
(pdftex.def)             Requested size: 398.33858pt x 206.19133pt.
 [27 <./FintTime.png>]
<Fintiterations.png, id=137, 1025.33063pt x 530.73282pt>
File: Fintiterations.png Graphic file (type png)

<use Fintiterations.png>
Package pdftex.def Info: Fintiterations.png used on input line 1141.
(pdftex.def)             Requested size: 398.33858pt x 206.19133pt.


LaTeX Warning: No positions in optional float specifier.
               Default added (so using `tbp') on input line 1148.


LaTeX Warning: No positions in optional float specifier.
               Default added (so using `tbp') on input line 1221.


Package imakeidx Warning: Undefined index file `author' on input line 1297.

[28 <./Fintgap.png> <./Fintiterations.png>] [29] [30] [31]
<Alttime.png, id=150, 1025.33063pt x 530.73282pt>
File: Alttime.png Graphic file (type png)
 <use Alttime.png>
Package pdftex.def Info: Alttime.png used on input line 1359.
(pdftex.def)             Requested size: 398.33858pt x 206.19133pt.

<Altgap.png, id=151, 1025.33063pt x 530.73282pt>
File: Altgap.png Graphic file (type png)
 <use Altgap.png>
Package pdftex.def Info: Altgap.png used on input line 1369.
(pdftex.def)             Requested size: 398.33858pt x 206.19133pt.
 [32 <./Alttime.png>] <Altiterations.png, id=155, 1025.33063pt x 530.73282pt>
File: Altiterations.png Graphic file (type png)

<use Altiterations.png>
Package pdftex.def Info: Altiterations.png used on input line 1379.
(pdftex.def)             Requested size: 398.33858pt x 206.19133pt.


LaTeX Warning: No positions in optional float specifier.
               Default added (so using `tbp') on input line 1385.


LaTeX Warning: No positions in optional float specifier.
               Default added (so using `tbp') on input line 1459.

[33 <./Altgap.png> <./Altiterations.png>] [34] [35]
<greedytime.png, id=166, 1025.33063pt x 530.73282pt>
File: greedytime.png Graphic file (type png)
 <use greedytime.png>
Package pdftex.def Info: greedytime.png used on input line 1540.
(pdftex.def)             Requested size: 398.33858pt x 206.19133pt.

<randomtime.png, id=167, 1025.33063pt x 530.73282pt>
File: randomtime.png Graphic file (type png)
 <use randomtime.png>
Package pdftex.def Info: randomtime.png used on input line 1551.
(pdftex.def)             Requested size: 398.33858pt x 206.19133pt.

[36 <./greedytime.png>] <greedygap.png, id=171, 1025.33063pt x 530.73282pt>
File: greedygap.png Graphic file (type png)

<use greedygap.png>
Package pdftex.def Info: greedygap.png used on input line 1561.
(pdftex.def)             Requested size: 398.33858pt x 206.19133pt.
 <randomgap.png, id=172, 1025.33063pt x 530.73282pt>
File: randomgap.png Graphic file (type png)

<use randomgap.png>
Package pdftex.def Info: randomgap.png used on input line 1571.
(pdftex.def)             Requested size: 398.33858pt x 206.19133pt.
 [37 <./randomtime.png> <./greedygap.png>] [38 <./randomgap.png>] ("FINAL repor
t.bbl" [39]) [40]
runsystem(makeindex terms.idx)...executed (allowed).

 (terms.ind) [41

]
runsystem(makeindex authors.idx)...executed (allowed).

 (authors.ind) [42

]
[43
\indexentry{greedy algorithm}{43}
\indexentry{greedy algorithm!results}{43}
\indexentry{constructive heuristic!greedy algorithm}{43}
] [44


\indexentry{greedy algorithm}{44}
\indexentry{greedy algorithm!results}{44}
\indexentry{constructive heuristic!greedy algorithm}{44}
] [45] [46


\indexentry{fast greedy algorithm}{46}
\indexentry{fast greedy algorithm!results}{46}
\indexentry{constructive heuristic!fast greedy algorithm}{46}
] [47


\indexentry{fast greedy algorithm}{47}
\indexentry{fast greedy algorithm!results}{47}
\indexentry{constructive heuristic!fast greedy algorithm}{47}
] [48] [49


\indexentry{stingy algorithm}{49}
\indexentry{stingy algorithm!results}{49}
\indexentry{constructive heuristic!stingy algorithm}{49}
] [50


\indexentry{stingy algorithm}{50}
\indexentry{stingy algorithm!results}{50}
\indexentry{constructive heuristic!stingy algorithm}{50}
] [51


\indexentry{interchange algorithm of Teitz and Bart}{51}
\indexentry{interchange algorithm of Teitz and Bart!results}{51}
\indexentry{local search heuristic!interchange algorithm of Teitz and Bart}{51}

]
Overfull \hbox (17.05415pt too wide) in alignment at lines 1828--1833
 [] [] [] [] [] [] [] [] [] [] [] [] [] [] [] [] [] 
 []


Overfull \hbox (17.05415pt too wide) in alignment at lines 1833--1865
 [] [] [] [] [] [] [] [] [] [] [] [] [] [] [] [] [] 
 []


Overfull \hbox (17.05415pt too wide) in alignment at lines 1865--1898
 [] [] [] [] [] [] [] [] [] [] [] [] [] [] [] [] [] 
 []

[52


\indexentry{interchange algorithm of Teitz and Bart}{52}
\indexentry{interchange algorithm of Teitz and Bart!results}{52}
\indexentry{local search heuristic!interchange algorithm of Teitz and Bart}{52}

] [53]
Overfull \hbox (17.05415pt too wide) in alignment at lines 1903--1908
 [] [] [] [] [] [] [] [] [] [] [] [] [] [] [] [] [] 
 []


Overfull \hbox (17.05415pt too wide) in alignment at lines 1908--1939
 [] [] [] [] [] [] [] [] [] [] [] [] [] [] [] [] [] 
 []


Overfull \hbox (17.05415pt too wide) in alignment at lines 1939--1972
 [] [] [] [] [] [] [] [] [] [] [] [] [] [] [] [] [] 
 []

[54



\indexentry{interchange algorithm of Teitz and Bart}{54}
\indexentry{interchange algorithm of Teitz and Bart!results}{54}
\indexentry{local search heuristic!interchange algorithm of Teitz and Bart}{54}

] [55] [56


\indexentry{fast interchange algorithm}{56}
\indexentry{fast interchange algorithm!results}{56}
\indexentry{local search heuristic!fast interchange algorithm}{56}
]
Overfull \hbox (17.05415pt too wide) in alignment at lines 1990--1995
 [] [] [] [] [] [] [] [] [] [] [] [] [] [] [] [] [] 
 []


Overfull \hbox (17.05415pt too wide) in alignment at lines 1995--2026
 [] [] [] [] [] [] [] [] [] [] [] [] [] [] [] [] [] 
 []


Overfull \hbox (17.05415pt too wide) in alignment at lines 2026--2059
 [] [] [] [] [] [] [] [] [] [] [] [] [] [] [] [] [] 
 []

[57


\indexentry{fast interchange algorithm}{57}
\indexentry{fast interchange algorithm!results}{57}
\indexentry{local search heuristic!fast interchange algorithm}{57}
] [58]
Overfull \hbox (17.05415pt too wide) in alignment at lines 2063--2068
 [] [] [] [] [] [] [] [] [] [] [] [] [] [] [] [] [] 
 []


Overfull \hbox (17.05415pt too wide) in alignment at lines 2068--2099
 [] [] [] [] [] [] [] [] [] [] [] [] [] [] [] [] [] 
 []


Overfull \hbox (17.05415pt too wide) in alignment at lines 2099--2132
 [] [] [] [] [] [] [] [] [] [] [] [] [] [] [] [] [] 
 []

[59



\indexentry{fast interchange algorithm}{59}
\indexentry{fast interchange algorithm!results}{59}
\indexentry{local search heuristic!fast interchange algorithm}{59}
] [60] [61


\indexentry{f}{61}
\indexentry{alternate algorithm!results}{61}
\indexentry{local search heuristic!alternate interchange algorithm}{61}
]
Overfull \hbox (17.05415pt too wide) in alignment at lines 2149--2154
 [] [] [] [] [] [] [] [] [] [] [] [] [] [] [] [] [] 
 []


Overfull \hbox (17.05415pt too wide) in alignment at lines 2154--2185
 [] [] [] [] [] [] [] [] [] [] [] [] [] [] [] [] [] 
 []


Overfull \hbox (17.05415pt too wide) in alignment at lines 2185--2218
 [] [] [] [] [] [] [] [] [] [] [] [] [] [] [] [] [] 
 []

[62


\indexentry{f}{62}
\indexentry{alternate algorithm!results}{62}
\indexentry{local search heuristic!alternate interchange algorithm}{62}
] [63]
Overfull \hbox (17.05415pt too wide) in alignment at lines 2223--2228
 [] [] [] [] [] [] [] [] [] [] [] [] [] [] [] [] [] 
 []


Overfull \hbox (17.05415pt too wide) in alignment at lines 2228--2259
 [] [] [] [] [] [] [] [] [] [] [] [] [] [] [] [] [] 
 []


Overfull \hbox (17.05415pt too wide) in alignment at lines 2259--2292
 [] [] [] [] [] [] [] [] [] [] [] [] [] [] [] [] [] 
 []

[64



\indexentry{f}{64}
\indexentry{alternate algorithm!results}{64}
\indexentry{local search heuristic!alternate interchange algorithm}{64}
] [65] ("FINAL report.aux")

LaTeX Warning: There were multiply-defined labels.

 ) 
Here is how much of TeX's memory you used:
 8161 strings out of 493333
 118670 string characters out of 3139174
 318799 words of memory out of 3000000
 11490 multiletter control sequences out of 15000+200000
 14009 words of font info for 52 fonts, out of 3000000 for 9000
 1141 hyphenation exceptions out of 8191
 53i,17n,92p,1472b,517s stack positions out of 5000i,500n,10000p,200000b,50000s
<C:/Program Files/MiKTeX 2.9/fonts/type1/public/amsfonts/cm/cmbx10.pfb><C:/Pr
ogram Files/MiKTeX 2.9/fonts/type1/public/amsfonts/cm/cmbx12.pfb><C:/Program Fi
les/MiKTeX 2.9/fonts/type1/public/amsfonts/cm/cmbxti10.pfb><C:/Program Files/Mi
KTeX 2.9/fonts/type1/public/amsfonts/cm/cmex10.pfb><C:/Program Files/MiKTeX 2.9
/fonts/type1/public/amsfonts/cm/cmmi10.pfb><C:/Program Files/MiKTeX 2.9/fonts/t
ype1/public/amsfonts/cm/cmmi6.pfb><C:/Program Files/MiKTeX 2.9/fonts/type1/publ
ic/amsfonts/cm/cmmi8.pfb><C:/Program Files/MiKTeX 2.9/fonts/type1/public/amsfon
ts/cm/cmr10.pfb><C:/Program Files/MiKTeX 2.9/fonts/type1/public/amsfonts/cm/cmr
12.pfb><C:/Program Files/MiKTeX 2.9/fonts/type1/public/amsfonts/cm/cmr17.pfb><C
:/Program Files/MiKTeX 2.9/fonts/type1/public/amsfonts/cm/cmr8.pfb><C:/Program 
Files/MiKTeX 2.9/fonts/type1/public/amsfonts/cm/cmsy10.pfb><C:/Program Files/Mi
KTeX 2.9/fonts/type1/public/amsfonts/cm/cmsy6.pfb><C:/Program Files/MiKTeX 2.9/
fonts/type1/public/amsfonts/cm/cmsy8.pfb><C:/Program Files/MiKTeX 2.9/fonts/typ
e1/public/amsfonts/cm/cmti10.pfb>
Output written on "FINAL report.pdf" (69 pages, 1241593 bytes).
PDF statistics:
 314 PDF objects out of 1000 (max. 8388607)
 0 named destinations out of 1000 (max. 500000)
 121 words of extra memory for PDF output out of 10000 (max. 10000000)

